logistics, 5-alpha_reductase_inhibitor, 0.17389274733680607
logistics, 11-beta-hsd1_inhibitor, 0.3200865122550423
logistics, acat_inhibitor, 0.5257253758415062
logistics, acetylcholine_receptor_agonist, 0.605937216676718
logistics, acetylcholine_receptor_antagonist, 0.6222948733722854
logistics, acetylcholinesterase_inhibitor, 0.55466236640748
logistics, adenosine_receptor_agonist, 0.5362355097515803
logistics, adenosine_receptor_antagonist, 0.6100262114561734
logistics, adenylyl_cyclase_activator, 0.04009091844192098
logistics, adrenergic_receptor_agonist, 0.609535891287234
logistics, adrenergic_receptor_antagonist, 0.6374031381500126
logistics, akt_inhibitor, 0.40044851064190423
logistics, aldehyde_dehydrogenase_inhibitor, 0.028422074800659183
logistics, alk_inhibitor, 0.49173528909060205
logistics, ampk_activator, 0.18718827174400782
logistics, analgesic, 0.21598191523846574
logistics, androgen_receptor_agonist, 0.48674961282301055
logistics, androgen_receptor_antagonist, 0.5905784157501907
logistics, anesthetic_-_local, 0.6011489367423629
logistics, angiogenesis_inhibitor, 0.47946372094257755
logistics, angiotensin_receptor_antagonist, 0.47156037606639556
logistics, anti-inflammatory, 0.512616539980324
logistics, antiarrhythmic, 0.058862612785877275
logistics, antibiotic, 0.4347433824672153
logistics, anticonvulsant, 0.22446082322125818
logistics, antifungal, 0.19216153165131208
logistics, antihistamine, 0.1871808398292237
logistics, antimalarial, 0.3541798705594578
logistics, antioxidant, 0.5457106940806129
logistics, antiviral, 0.33862263000397125
logistics, apoptosis_stimulant, 0.4829782028161621
logistics, aromatase_inhibitor, 0.5445157595143673
logistics, atm_kinase_inhibitor, 0.036284615508949146
logistics, atp-sensitive_potassium_channel_antagonist, False
logistics, atp_synthase_inhibitor, 0.02428420766500705
logistics, atpase_inhibitor, 0.4960742804612948
logistics, atr_kinase_inhibitor, 0.11995755791381722
logistics, aurora_kinase_inhibitor, 0.27919619193117595
logistics, autotaxin_inhibitor, 0.02712889177111879
logistics, bacterial_30s_ribosomal_subunit_inhibitor, 0.5605551498756762
logistics, bacterial_50s_ribosomal_subunit_inhibitor, 0.5623869253270842
logistics, bacterial_antifolate, 0.4680124665590265
logistics, bacterial_cell_wall_synthesis_inhibitor, 0.6222523309208559
logistics, bacterial_dna_gyrase_inhibitor, 0.5595707282709594
logistics, bacterial_dna_inhibitor, 0.5662654557779266
logistics, bacterial_membrane_integrity_inhibitor, 0.007460742694478775
logistics, bcl_inhibitor, 0.3374261987491103
logistics, bcr-abl_inhibitor, 0.3507622579542974
logistics, benzodiazepine_receptor_agonist, 0.5695580345102353
logistics, beta_amyloid_inhibitor, 0.40450935904227125
logistics, bromodomain_inhibitor, 0.2913557346177058
logistics, btk_inhibitor, 0.3734796128164588
logistics, calcineurin_inhibitor, 0.06395455214292457
logistics, calcium_channel_blocker, 0.6649109542463552
logistics, cannabinoid_receptor_agonist, 0.5488185804053402
logistics, cannabinoid_receptor_antagonist, 0.5513291219390444
logistics, carbonic_anhydrase_inhibitor, 0.47377258006816986
logistics, casein_kinase_inhibitor, 0.4128248280066203
logistics, caspase_activator, 0.3391693121217117
logistics, catechol_o_methyltransferase_inhibitor, 0.2927445454854703
logistics, cc_chemokine_receptor_antagonist, 0.6152651541049706
logistics, cck_receptor_antagonist, 0.37736079981833437
logistics, cdk_inhibitor, 0.20771612306297574
logistics, atp-sensitive_potassium_channel_antagonist, False
logistics, chelating_agent, 0.5422154650865785
logistics, chk_inhibitor, 0.049950705583442695
logistics, chloride_channel_blocker, 0.5087279853864872
logistics, cholesterol_inhibitor, 0.4778427263749157
logistics, cholinergic_receptor_antagonist, 0.5505577480688967
logistics, coagulation_factor_inhibitor, 0.061741949964259406
logistics, corticosteroid_agonist, 0.24585641721200005
logistics, cyclooxygenase_inhibitor, 0.6401412120757507
logistics, cytochrome_p450_inhibitor, 0.6172988045349084
logistics, dihydrofolate_reductase_inhibitor, 0.3428153391913096
logistics, dipeptidyl_peptidase_inhibitor, 0.3782345306926899
logistics, diuretic, 0.018800917459699206
logistics, dna_alkylating_agent, 0.41865395264395316
logistics, dna_inhibitor, 0.6234513480652852
logistics, dopamine_receptor_agonist, 0.6448485859455403
logistics, dopamine_receptor_antagonist, 0.6218328684369058
logistics, egfr_inhibitor, 0.3217000103252579
logistics, elastase_inhibitor, 0.043056207501285866
logistics, erbb2_inhibitor, False
logistics, estrogen_receptor_agonist, 0.5936949807278481
logistics, estrogen_receptor_antagonist, 0.5686870085177914
logistics, faah_inhibitor, 0.36343778140924327
logistics, farnesyltransferase_inhibitor, 0.07587218502082303
logistics, fatty_acid_receptor_agonist, 0.3735349577088858
logistics, fgfr_inhibitor, 0.4073849471554837
logistics, flt3_inhibitor, 0.40715855479879265
logistics, focal_adhesion_kinase_inhibitor, 0.02425966948562807
logistics, free_radical_scavenger, 0.27724679561519744
logistics, fungal_squalene_epoxidase_inhibitor, 0.346420688370842
logistics, gaba_receptor_agonist, 0.5824589807824534
logistics, gaba_receptor_antagonist, 0.639797925854944
logistics, gamma_secretase_inhibitor, 0.3433796837225666
logistics, glucocorticoid_receptor_agonist, 0.12381973785082938
logistics, glutamate_inhibitor, 0.2695523583863509
logistics, glutamate_receptor_agonist, 0.5836106145678072
