logistics, 5-alpha_reductase_inhibitor, errored
logistics, 11-beta-hsd1_inhibitor, errored
logistics, acat_inhibitor, errored
logistics, acetylcholine_receptor_agonist, errored
logistics, acetylcholine_receptor_antagonist, errored
logistics, acetylcholinesterase_inhibitor, errored
logistics, adenosine_receptor_agonist, errored
logistics, adenosine_receptor_antagonist, errored
logistics, adenylyl_cyclase_activator, errored
logistics, adrenergic_receptor_agonist, errored
logistics, adrenergic_receptor_antagonist, errored
logistics, akt_inhibitor, errored
logistics, aldehyde_dehydrogenase_inhibitor, errored
logistics, alk_inhibitor, errored
logistics, ampk_activator, errored
logistics, analgesic, errored
logistics, androgen_receptor_agonist, errored
logistics, androgen_receptor_antagonist, errored
logistics, anesthetic_-_local, errored
logistics, angiogenesis_inhibitor, errored
logistics, angiotensin_receptor_antagonist, errored
logistics, anti-inflammatory, errored
logistics, antiarrhythmic, errored
logistics, antibiotic, errored
logistics, anticonvulsant, errored
logistics, antifungal, errored
logistics, antihistamine, errored
logistics, antimalarial, errored
logistics, antioxidant, errored
logistics, antiprotozoal, errored
logistics, antiviral, errored
logistics, apoptosis_stimulant, errored
logistics, aromatase_inhibitor, errored
logistics, atm_kinase_inhibitor, errored
logistics, atp-sensitive_potassium_channel_antagonist, errored
logistics, atp_synthase_inhibitor, errored
logistics, atpase_inhibitor, errored
logistics, atr_kinase_inhibitor, errored
logistics, aurora_kinase_inhibitor, errored
logistics, autotaxin_inhibitor, errored
logistics, bacterial_30s_ribosomal_subunit_inhibitor, errored
logistics, bacterial_50s_ribosomal_subunit_inhibitor, errored
logistics, bacterial_antifolate, errored
logistics, bacterial_cell_wall_synthesis_inhibitor, errored
logistics, bacterial_dna_gyrase_inhibitor, errored
logistics, bacterial_dna_inhibitor, errored
logistics, bacterial_membrane_integrity_inhibitor, errored
logistics, bcl_inhibitor, errored
logistics, bcr-abl_inhibitor, errored
logistics, benzodiazepine_receptor_agonist, errored
logistics, beta_amyloid_inhibitor, errored
logistics, bromodomain_inhibitor, errored
logistics, btk_inhibitor, errored
logistics, calcineurin_inhibitor, errored
logistics, calcium_channel_blocker, errored
logistics, cannabinoid_receptor_agonist, errored
logistics, cannabinoid_receptor_antagonist, errored
logistics, carbonic_anhydrase_inhibitor, errored
logistics, casein_kinase_inhibitor, errored
logistics, caspase_activator, errored
logistics, catechol_o_methyltransferase_inhibitor, errored
logistics, cc_chemokine_receptor_antagonist, errored
logistics, cck_receptor_antagonist, errored
logistics, cdk_inhibitor, errored
logistics, chelating_agent, errored
logistics, chk_inhibitor, errored
logistics, chloride_channel_blocker, errored
logistics, cholesterol_inhibitor, errored
logistics, cholinergic_receptor_antagonist, errored
logistics, coagulation_factor_inhibitor, errored
logistics, corticosteroid_agonist, errored
logistics, cyclooxygenase_inhibitor, errored
logistics, cytochrome_p450_inhibitor, errored
logistics, dihydrofolate_reductase_inhibitor, errored
logistics, dipeptidyl_peptidase_inhibitor, errored
logistics, diuretic, errored
logistics, dna_alkylating_agent, errored
logistics, dna_inhibitor, errored
logistics, dopamine_receptor_agonist, errored
logistics, dopamine_receptor_antagonist, errored
logistics, egfr_inhibitor, errored
logistics, elastase_inhibitor, errored
logistics, erbb2_inhibitor, errored
logistics, estrogen_receptor_agonist, errored
logistics, estrogen_receptor_antagonist, errored
logistics, faah_inhibitor, errored
logistics, farnesyltransferase_inhibitor, errored
logistics, fatty_acid_receptor_agonist, errored
logistics, fgfr_inhibitor, errored
logistics, flt3_inhibitor, errored
logistics, focal_adhesion_kinase_inhibitor, errored
logistics, free_radical_scavenger, errored
logistics, fungal_squalene_epoxidase_inhibitor, errored
logistics, gaba_receptor_agonist, errored
logistics, gaba_receptor_antagonist, errored
logistics, gamma_secretase_inhibitor, errored
logistics, glucocorticoid_receptor_agonist, errored
logistics, glutamate_inhibitor, errored
logistics, glutamate_receptor_agonist, errored
logistics, glutamate_receptor_antagonist, errored
logistics, gonadotropin_receptor_agonist, errored
logistics, gsk_inhibitor, errored
logistics, hcv_inhibitor, errored
logistics, hdac_inhibitor, errored
logistics, histamine_receptor_agonist, errored
logistics, histamine_receptor_antagonist, errored
logistics, histone_lysine_demethylase_inhibitor, errored
logistics, histone_lysine_methyltransferase_inhibitor, errored
logistics, hiv_inhibitor, errored
logistics, hmgcr_inhibitor, errored
logistics, hsp_inhibitor, errored
logistics, igf-1_inhibitor, errored
logistics, ikk_inhibitor, errored
logistics, imidazoline_receptor_agonist, errored
logistics, immunosuppressant, errored
logistics, insulin_secretagogue, errored
logistics, insulin_sensitizer, errored
logistics, integrin_inhibitor, errored
logistics, jak_inhibitor, errored
logistics, kit_inhibitor, errored
logistics, laxative, errored
logistics, leukotriene_inhibitor, errored
logistics, leukotriene_receptor_antagonist, errored
logistics, lipase_inhibitor, errored
logistics, lipoxygenase_inhibitor, errored
logistics, lxr_agonist, errored
logistics, mdm_inhibitor, errored
logistics, mek_inhibitor, errored
logistics, membrane_integrity_inhibitor, errored
logistics, mineralocorticoid_receptor_antagonist, errored
logistics, monoacylglycerol_lipase_inhibitor, errored
logistics, monoamine_oxidase_inhibitor, errored
logistics, monopolar_spindle_1_kinase_inhibitor, errored
logistics, mtor_inhibitor, errored
logistics, mucolytic_agent, errored
logistics, neuropeptide_receptor_antagonist, errored
logistics, nfkb_inhibitor, errored
logistics, nicotinic_receptor_agonist, errored
logistics, nitric_oxide_donor, errored
logistics, nitric_oxide_production_inhibitor, errored
logistics, nitric_oxide_synthase_inhibitor, errored
logistics, norepinephrine_reuptake_inhibitor, errored
logistics, nrf2_activator, errored
logistics, opioid_receptor_agonist, errored
logistics, opioid_receptor_antagonist, errored
logistics, orexin_receptor_antagonist, errored
logistics, p38_mapk_inhibitor, errored
logistics, p-glycoprotein_inhibitor, errored
logistics, parp_inhibitor, errored
logistics, pdgfr_inhibitor, errored
logistics, pdk_inhibitor, errored
logistics, phosphodiesterase_inhibitor, errored
logistics, phospholipase_inhibitor, errored
logistics, pi3k_inhibitor, errored
logistics, pkc_inhibitor, errored
logistics, potassium_channel_activator, errored
logistics, potassium_channel_antagonist, errored
logistics, ppar_receptor_agonist, errored
logistics, ppar_receptor_antagonist, errored
logistics, progesterone_receptor_agonist, errored
logistics, progesterone_receptor_antagonist, errored
logistics, prostaglandin_inhibitor, errored
logistics, prostanoid_receptor_antagonist, errored
logistics, proteasome_inhibitor, errored
logistics, protein_kinase_inhibitor, errored
logistics, protein_phosphatase_inhibitor, errored
logistics, protein_synthesis_inhibitor, errored
logistics, protein_tyrosine_kinase_inhibitor, errored
logistics, radiopaque_medium, errored
logistics, raf_inhibitor, errored
logistics, ras_gtpase_inhibitor, errored
logistics, retinoid_receptor_agonist, errored
logistics, retinoid_receptor_antagonist, errored
logistics, rho_associated_kinase_inhibitor, errored
logistics, ribonucleoside_reductase_inhibitor, errored
logistics, rna_polymerase_inhibitor, errored
logistics, serotonin_receptor_agonist, errored
logistics, serotonin_receptor_antagonist, errored
logistics, serotonin_reuptake_inhibitor, errored
logistics, sigma_receptor_agonist, errored
logistics, sigma_receptor_antagonist, errored
logistics, smoothened_receptor_antagonist, errored
logistics, sodium_channel_inhibitor, errored
logistics, sphingosine_receptor_agonist, errored
logistics, src_inhibitor, errored
logistics, steroid, errored
logistics, syk_inhibitor, errored
logistics, tachykinin_antagonist, errored
logistics, tgf-beta_receptor_inhibitor, errored
logistics, thrombin_inhibitor, errored
logistics, thymidylate_synthase_inhibitor, errored
logistics, tlr_agonist, errored
logistics, tlr_antagonist, errored
logistics, tnf_inhibitor, errored
logistics, topoisomerase_inhibitor, errored
logistics, transient_receptor_potential_channel_antagonist, errored
logistics, tropomyosin_receptor_kinase_inhibitor, errored
logistics, trpv_agonist, errored
logistics, trpv_antagonist, errored
logistics, tubulin_inhibitor, errored
logistics, tyrosine_kinase_inhibitor, errored
logistics, ubiquitin_specific_protease_inhibitor, errored
logistics, vegfr_inhibitor, errored
logistics, vitamin_b, errored
logistics, vitamin_d_receptor_agonist, errored
logistics, wnt_inhibitor, errored
logistics, 5-alpha_reductase_inhibitor, 0.22680842346248012
logistics, 11-beta-hsd1_inhibitor, 0.3476150444339429
logistics, acat_inhibitor, 0.45480518354840155
logistics, acetylcholine_receptor_agonist, 0.6018499661643582
logistics, acetylcholine_receptor_antagonist, 0.6306677636577706
logistics, acetylcholinesterase_inhibitor, 0.582836965462443
logistics, adenosine_receptor_agonist, 0.4943188434187825
logistics, adenosine_receptor_antagonist, 0.6018470549585327
logistics, adenylyl_cyclase_activator, 0.025237207368023287
logistics, adrenergic_receptor_agonist, 0.6049337640240894
logistics, adrenergic_receptor_antagonist, 0.6428774541507521
logistics, akt_inhibitor, 0.38180972152356557
logistics, aldehyde_dehydrogenase_inhibitor, 0.020305013654262384
logistics, alk_inhibitor, 0.4360417490438193
logistics, ampk_activator, 0.27746177995297
logistics, analgesic, 0.17994995235172462
logistics, androgen_receptor_agonist, 0.5321183758252206
logistics, androgen_receptor_antagonist, 0.5856169276765215
logistics, anesthetic_-_local, 0.5835968796427385
logistics, angiogenesis_inhibitor, 0.5077405149053943
logistics, angiotensin_receptor_antagonist, 0.48942391543600994
logistics, anti-inflammatory, 0.5029067239929949
logistics, antiarrhythmic, 0.05532275165368709
logistics, antibiotic, 0.4625770445962943
logistics, anticonvulsant, 0.20016146535104617
logistics, antifungal, 0.14194222287690728
logistics, antihistamine, 0.20564368699441393
logistics, antimalarial, 0.30918647290850815
logistics, antioxidant, 0.517551936095437
logistics, antiprotozoal, 0.46022198154030486
logistics, antiviral, 0.40122463129696034
logistics, apoptosis_stimulant, 0.5089373778845645
logistics, aromatase_inhibitor, 0.4951413429488238
logistics, atm_kinase_inhibitor, 0.03520277593280503
logistics, atp-sensitive_potassium_channel_antagonist, False
logistics, atp_synthase_inhibitor, 0.03758309134017562
logistics, atpase_inhibitor, 0.4866590094756067
logistics, atr_kinase_inhibitor, 0.11115635681060997
logistics, aurora_kinase_inhibitor, 0.2656422296263292
logistics, autotaxin_inhibitor, 0.10017585469133203
logistics, bacterial_30s_ribosomal_subunit_inhibitor, 0.49151567949032327
logistics, bacterial_50s_ribosomal_subunit_inhibitor, 0.5719408530772201
logistics, bacterial_antifolate, 0.45662913900445007
logistics, bacterial_cell_wall_synthesis_inhibitor, 0.6043902091282839
logistics, bacterial_dna_gyrase_inhibitor, 0.5505402310571117
logistics, bacterial_dna_inhibitor, 0.581191927213478
logistics, bacterial_membrane_integrity_inhibitor, 0.008413633849789666
logistics, bcl_inhibitor, 0.3264516919412291
logistics, bcr-abl_inhibitor, 0.341987794507272
logistics, benzodiazepine_receptor_agonist, 0.5382032046046334
logistics, beta_amyloid_inhibitor, 0.3354594626277366
logistics, bromodomain_inhibitor, 0.2677759214468123
logistics, btk_inhibitor, 0.4291072284192699
logistics, calcineurin_inhibitor, 0.0355503532225927
logistics, calcium_channel_blocker, 0.654381202141459
logistics, cannabinoid_receptor_agonist, 0.513295789523917
logistics, cannabinoid_receptor_antagonist, 0.5396674787915884
logistics, carbonic_anhydrase_inhibitor, 0.4741984669658925
logistics, casein_kinase_inhibitor, 0.42816985942904534
logistics, caspase_activator, 0.2555158671845175
logistics, catechol_o_methyltransferase_inhibitor, 0.2542187370138201
logistics, cc_chemokine_receptor_antagonist, 0.6151569143778968
logistics, cck_receptor_antagonist, 0.2729367110225248
logistics, cdk_inhibitor, 0.21153864427301744
logistics, chelating_agent, 0.4831796416356968
logistics, chk_inhibitor, 0.059708193377624355
logistics, chloride_channel_blocker, 0.4824648829866534
logistics, cholesterol_inhibitor, 0.521186656119469
logistics, cholinergic_receptor_antagonist, 0.4568934045972481
logistics, coagulation_factor_inhibitor, 0.018098613077370738
logistics, corticosteroid_agonist, 0.1757784000129288
logistics, cyclooxygenase_inhibitor, 0.6430557601048877
logistics, cytochrome_p450_inhibitor, 0.5876546076206614
logistics, dihydrofolate_reductase_inhibitor, 0.2876394059132701
logistics, dipeptidyl_peptidase_inhibitor, 0.4405887301792482
logistics, diuretic, 0.075497668291099
logistics, dna_alkylating_agent, 0.4823962358079539
logistics, dna_inhibitor, 0.6240729879854929
logistics, dopamine_receptor_agonist, 0.653816976692905
logistics, dopamine_receptor_antagonist, 0.621707925641324
logistics, egfr_inhibitor, 0.33894014196667593
logistics, elastase_inhibitor, 0.056358997389689504
logistics, erbb2_inhibitor, False
logistics, estrogen_receptor_agonist, 0.6122313249433102
logistics, estrogen_receptor_antagonist, 0.5764754693138673
logistics, faah_inhibitor, 0.4177950195409727
logistics, farnesyltransferase_inhibitor, 0.059293469264613825
logistics, fatty_acid_receptor_agonist, 0.3238885978470474
logistics, fgfr_inhibitor, 0.40688884752301485
logistics, flt3_inhibitor, 0.40153041297108394
logistics, focal_adhesion_kinase_inhibitor, 0.04675031813622896
logistics, free_radical_scavenger, 0.3633091368572093
logistics, fungal_squalene_epoxidase_inhibitor, 0.4120808315074515
logistics, gaba_receptor_agonist, 0.5453423208882805
logistics, gaba_receptor_antagonist, 0.620807137587732
logistics, gamma_secretase_inhibitor, 0.3081849447822456
logistics, glucocorticoid_receptor_agonist, 0.11925758699327862
logistics, glutamate_inhibitor, 0.1359845376661886
logistics, glutamate_receptor_agonist, 0.5753023641083864
logistics, glutamate_receptor_antagonist, 0.6396301514401863
logistics, gonadotropin_receptor_agonist, 0.41614674210848407
logistics, gsk_inhibitor, 0.3282412582988907
logistics, hcv_inhibitor, 0.6068091596707444
logistics, hdac_inhibitor, 0.18798899475094022
logistics, histamine_receptor_agonist, 0.5166855250350224
logistics, histamine_receptor_antagonist, 0.6339775635901795
logistics, histone_lysine_demethylase_inhibitor, 0.15855359592348722
logistics, histone_lysine_methyltransferase_inhibitor, 0.30761295102940506
logistics, hiv_inhibitor, 0.5004286195970744
logistics, hmgcr_inhibitor, 0.21099512274177662
logistics, hsp_inhibitor, 0.14478963114170562
logistics, igf-1_inhibitor, 0.3902886713082284
logistics, ikk_inhibitor, 0.3240900135266223
logistics, imidazoline_receptor_agonist, 0.38339516388436246
logistics, immunosuppressant, 0.465709535021153
logistics, insulin_secretagogue, 0.38452081157037377
logistics, insulin_sensitizer, 0.30435752859079834
logistics, integrin_inhibitor, 0.5323276822697699
logistics, jak_inhibitor, 0.27505654441759164
logistics, kit_inhibitor, 0.40482287176557097
logistics, laxative, 0.013834366623429826
logistics, leukotriene_inhibitor, 0.03179684692529626
logistics, leukotriene_receptor_antagonist, 0.5709015402674751
logistics, lipase_inhibitor, 0.21000715953077795
logistics, lipoxygenase_inhibitor, 0.5362423037051046
logistics, lxr_agonist, 0.0393574376364242
logistics, mdm_inhibitor, 0.1482915434661375
logistics, mek_inhibitor, 0.2393648603189762
logistics, membrane_integrity_inhibitor, 0.5614985773427947
logistics, mineralocorticoid_receptor_antagonist, 0.3031698966283267
logistics, monoacylglycerol_lipase_inhibitor, 0.07999203386586584
logistics, monoamine_oxidase_inhibitor, 0.6094798543920342
logistics, monopolar_spindle_1_kinase_inhibitor, 0.22334982160836117
logistics, mtor_inhibitor, 0.21972160109852926
logistics, mucolytic_agent, 0.4837107257826845
logistics, neuropeptide_receptor_antagonist, 0.49024646190121446
logistics, nfkb_inhibitor, 0.14662188277971755
logistics, nicotinic_receptor_agonist, 0.0800222740252059
logistics, nitric_oxide_donor, 0.38675195887719915
logistics, nitric_oxide_production_inhibitor, 0.21750666805008614
logistics, nitric_oxide_synthase_inhibitor, 0.3565460272127831
logistics, norepinephrine_reuptake_inhibitor, 0.13213752786711164
logistics, nrf2_activator, 0.1181632489887663
logistics, opioid_receptor_agonist, 0.5528607597510307
logistics, opioid_receptor_antagonist, 0.6085732714533674
logistics, orexin_receptor_antagonist, 0.5320639118604055
logistics, p38_mapk_inhibitor, 0.30904943273285124
logistics, p-glycoprotein_inhibitor, 0.3479674342536782
logistics, parp_inhibitor, 0.4199166388920845
logistics, pdgfr_inhibitor, 0.41431636962751944
logistics, pdk_inhibitor, 0.3527150859362723
logistics, phosphodiesterase_inhibitor, 0.6077184805126286
logistics, phospholipase_inhibitor, 0.37216847066376363
logistics, pi3k_inhibitor, 0.44851201356987125
logistics, pkc_inhibitor, 0.4604222170936141
logistics, potassium_channel_activator, 0.5087767734468194
logistics, potassium_channel_antagonist, 0.5794811596370633
logistics, ppar_receptor_agonist, 0.4352674029825986
logistics, ppar_receptor_antagonist, 0.4866189521559211
logistics, progesterone_receptor_agonist, 0.526170785555562
logistics, progesterone_receptor_antagonist, 0.21390775628871664
logistics, prostaglandin_inhibitor, 0.4442656906200146
logistics, prostanoid_receptor_antagonist, 0.5878730865245457
logistics, proteasome_inhibitor, 0.022947774832282698
logistics, protein_kinase_inhibitor, 0.48851917356182284
logistics, protein_phosphatase_inhibitor, 0.02847663635166713
logistics, protein_synthesis_inhibitor, 0.48991292173516093
logistics, protein_tyrosine_kinase_inhibitor, 0.3272286960076497
logistics, radiopaque_medium, 0.5885681186819695
logistics, raf_inhibitor, 0.17042296570486234
logistics, ras_gtpase_inhibitor, 0.192711188175903
logistics, retinoid_receptor_agonist, 0.28523807932010975
logistics, retinoid_receptor_antagonist, 0.08415863327520047
logistics, rho_associated_kinase_inhibitor, 0.30025967012041854
logistics, ribonucleoside_reductase_inhibitor, 0.3325672665970874
logistics, rna_polymerase_inhibitor, 0.4189827255315046
logistics, serotonin_receptor_agonist, 0.638612169509423
logistics, serotonin_receptor_antagonist, 0.6551726859942214
logistics, serotonin_reuptake_inhibitor, 0.5491874203454346
logistics, sigma_receptor_agonist, 0.44756757340492426
logistics, sigma_receptor_antagonist, 0.4827286231598282
logistics, smoothened_receptor_antagonist, 0.4193470183521877
logistics, sodium_channel_inhibitor, 0.6469252585121418
logistics, sphingosine_receptor_agonist, 0.2944960247664324
logistics, src_inhibitor, 0.47928900626164517
logistics, steroid, 0.05141166148394724
logistics, syk_inhibitor, 0.22111683659051176
logistics, tachykinin_antagonist, 0.5213407196234847
logistics, tgf-beta_receptor_inhibitor, 0.024241610553093495
logistics, thrombin_inhibitor, 0.34891084857355165
logistics, thymidylate_synthase_inhibitor, 0.36947155039950064
logistics, tlr_agonist, 0.4611779715897834
logistics, tlr_antagonist, 0.1524944609336482
logistics, tnf_inhibitor, 0.45722881537749716
logistics, topoisomerase_inhibitor, 0.24686110104467984
logistics, transient_receptor_potential_channel_antagonist, 0.3701427969676669
logistics, tropomyosin_receptor_kinase_inhibitor, 0.07738229408270064
logistics, trpv_agonist, 0.2574585828934244
logistics, trpv_antagonist, 0.5193332860517129
logistics, tubulin_inhibitor, 0.22481553858790104
logistics, tyrosine_kinase_inhibitor, 0.5642385919173789
logistics, ubiquitin_specific_protease_inhibitor, 0.04267457687624093
logistics, vegfr_inhibitor, 0.5185253156310694
logistics, vitamin_b, 0.3167901574930806
logistics, vitamin_d_receptor_agonist, 0.13369793612681777
logistics, wnt_inhibitor, 0.4443698564296031
