0.12485456040964106
0.11800142790853574
0.14492278409067916
0.3753910998568319
0.44238740098951
0.27298550365586755
0.21649688559781377
0.28490403858055463
0.08038624385030307
0.4071979605450602
0.4488078037718488
0.14055823084783176
0.07115188833891362
0.16550822796264203
0.10223709251971295
0.10025288052491625
0.20765682181764034
0.32344496974166675
0.30382040740195376
0.20849307691964844
0.1889058713933523
0.23695061362816328
0.07317887965672776
0.2176613566785585
0.09856764156660296
0.08847769504669693
0.09675052072450532
0.13029832558538254
0.25362740545010587
0.1801606033222598
0.16066249407072042
0.18743218423106672
0.24578047137256054
0.07258993424680245
0.06851745639649015
0.07181310194394305
0.23522052810383376
0.0924892300303027
0.1666639291221532
0.07307217547522143
0.2334372247207548
0.26321707283342444
0.2021733536415263
0.36434476468284005
0.26668398704840557
0.3077744516399785
0.07172190192702121
0.11030960323650096
0.14052138720932786
0.2615032298795065
0.14192302899184245
0.1636581079167967
0.17688685842928173
0.07477589722225449
0.4385177148801157
0.20990629581053669
0.1911034680764482
0.16273105145980135
0.20465790936196676
0.13365970871474092
0.11002642385889272
0.28024483602058553
0.1389458340645807
0.16100001796534774
0.21302861433878212
0.08385759560514147
0.1712231317795395
0.22233268935574566
0.25294144129864715
0.0862166233420723
0.1426944671296927
0.5201059490446099
0.3024458849204368
0.1366370932836908
0.12966778802749157
0.07239312118058586
0.1929769508643275
0.4874201490762725
0.31059143737594314
0.45297589560340207
0.2347471187898243
0.07873954207552487
