0.0025348745154193234
0.007488878181353177
0.005925437047546537
0.06265675156702659
0.07800061122638866
0.022050841596027035
0.00967494424685177
0.031127528555143835
0.005842709859612721
0.06877203225050511
0.08661653218877939
0.017646246794718008
0.002187333300752904
0.015031797283649223
0.00958005711289922
0.0023530551419647092
0.012274705216523222
0.03121445381013973
0.01948807972563957
0.009192638377033463
0.016728512175690425
0.017797615191403972
0.004162380863086056
0.01659709509891542
0.0006788482469216009
0.002389228905074016
0.005842709859612723
0.005822695765252519
0.01939754001752622
0.015208466669961881
0.009094610328434038
0.015114078986965008
0.010852790647914922
0.00219853912111497
0.0006788482469216009
0.0303254844079253
0.0058338606751499765
0.023517285526594232
0.002198539121114968
0.009879435412829358
0.01948807972563957
0.013676738517929716
0.05093161181478443
0.01964797662662432
0.038222901095761756
0.0022123466291311747
0.009115958907256888
0.013488046333228016
0.020701621485383667
0.010709843341774501
0.020658446574899528
0.00909666528202321
