logistics, 5-alpha_reductase_inhibitor, errored
logistics, 11-beta-hsd1_inhibitor, errored
logistics, acat_inhibitor, errored
logistics, acetylcholine_receptor_agonist, errored
logistics, acetylcholine_receptor_antagonist, errored
logistics, acetylcholinesterase_inhibitor, errored
logistics, adenosine_receptor_agonist, errored
logistics, adenosine_receptor_antagonist, errored
logistics, adenylyl_cyclase_activator, errored
logistics, adrenergic_receptor_agonist, errored
logistics, adrenergic_receptor_antagonist, errored
logistics, akt_inhibitor, errored
logistics, aldehyde_dehydrogenase_inhibitor, errored
logistics, alk_inhibitor, errored
logistics, ampk_activator, errored
logistics, analgesic, errored
logistics, androgen_receptor_agonist, errored
logistics, androgen_receptor_antagonist, errored
logistics, anesthetic_-_local, errored
logistics, angiogenesis_inhibitor, errored
logistics, angiotensin_receptor_antagonist, errored
logistics, anti-inflammatory, errored
logistics, antiarrhythmic, errored
logistics, antibiotic, errored
logistics, anticonvulsant, errored
logistics, antifungal, errored
logistics, antihistamine, errored
logistics, antimalarial, errored
logistics, antioxidant, errored
logistics, antiprotozoal, errored
logistics, antiviral, errored
logistics, apoptosis_stimulant, errored
logistics, aromatase_inhibitor, errored
logistics, atm_kinase_inhibitor, errored
logistics, atp-sensitive_potassium_channel_antagonist, errored
logistics, atp_synthase_inhibitor, errored
logistics, atpase_inhibitor, errored
logistics, atr_kinase_inhibitor, errored
logistics, aurora_kinase_inhibitor, errored
logistics, autotaxin_inhibitor, errored
logistics, bacterial_30s_ribosomal_subunit_inhibitor, errored
logistics, bacterial_50s_ribosomal_subunit_inhibitor, errored
logistics, bacterial_antifolate, errored
logistics, bacterial_cell_wall_synthesis_inhibitor, errored
logistics, bacterial_dna_gyrase_inhibitor, errored
logistics, bacterial_dna_inhibitor, errored
logistics, bacterial_membrane_integrity_inhibitor, errored
logistics, bcl_inhibitor, errored
logistics, bcr-abl_inhibitor, errored
logistics, benzodiazepine_receptor_agonist, errored
logistics, beta_amyloid_inhibitor, errored
logistics, bromodomain_inhibitor, errored
logistics, btk_inhibitor, errored
logistics, calcineurin_inhibitor, errored
logistics, calcium_channel_blocker, errored
logistics, cannabinoid_receptor_agonist, errored
logistics, cannabinoid_receptor_antagonist, errored
logistics, carbonic_anhydrase_inhibitor, errored
logistics, casein_kinase_inhibitor, errored
logistics, caspase_activator, errored
logistics, catechol_o_methyltransferase_inhibitor, errored
logistics, cc_chemokine_receptor_antagonist, errored
logistics, cck_receptor_antagonist, errored
logistics, cdk_inhibitor, errored
logistics, chelating_agent, errored
logistics, chk_inhibitor, errored
logistics, chloride_channel_blocker, errored
logistics, cholesterol_inhibitor, errored
logistics, cholinergic_receptor_antagonist, errored
logistics, coagulation_factor_inhibitor, errored
logistics, corticosteroid_agonist, errored
logistics, cyclooxygenase_inhibitor, errored
logistics, cytochrome_p450_inhibitor, errored
logistics, dihydrofolate_reductase_inhibitor, errored
logistics, dipeptidyl_peptidase_inhibitor, errored
logistics, diuretic, errored
logistics, dna_alkylating_agent, errored
logistics, dna_inhibitor, errored
logistics, dopamine_receptor_agonist, errored
logistics, dopamine_receptor_antagonist, errored
logistics, egfr_inhibitor, errored
logistics, elastase_inhibitor, errored
logistics, erbb2_inhibitor, errored
logistics, estrogen_receptor_agonist, errored
logistics, estrogen_receptor_antagonist, errored
logistics, faah_inhibitor, errored
logistics, farnesyltransferase_inhibitor, errored
logistics, fatty_acid_receptor_agonist, errored
logistics, fgfr_inhibitor, errored
logistics, flt3_inhibitor, errored
logistics, focal_adhesion_kinase_inhibitor, errored
logistics, free_radical_scavenger, errored
logistics, fungal_squalene_epoxidase_inhibitor, errored
logistics, gaba_receptor_agonist, errored
logistics, gaba_receptor_antagonist, errored
logistics, gamma_secretase_inhibitor, errored
logistics, glucocorticoid_receptor_agonist, errored
logistics, glutamate_inhibitor, errored
logistics, glutamate_receptor_agonist, errored
logistics, glutamate_receptor_antagonist, errored
logistics, gonadotropin_receptor_agonist, errored
logistics, gsk_inhibitor, errored
logistics, hcv_inhibitor, errored
logistics, hdac_inhibitor, errored
logistics, histamine_receptor_agonist, errored
logistics, histamine_receptor_antagonist, errored
logistics, histone_lysine_demethylase_inhibitor, errored
logistics, histone_lysine_methyltransferase_inhibitor, errored
logistics, hiv_inhibitor, errored
logistics, hmgcr_inhibitor, errored
logistics, hsp_inhibitor, errored
logistics, igf-1_inhibitor, errored
logistics, ikk_inhibitor, errored
logistics, imidazoline_receptor_agonist, errored
logistics, immunosuppressant, errored
logistics, insulin_secretagogue, errored
logistics, insulin_sensitizer, errored
logistics, integrin_inhibitor, errored
logistics, 5-alpha_reductase_inhibitor, 0.006135993981187452
logistics, 11-beta-hsd1_inhibitor, 0.006148211457386016
logistics, acat_inhibitor, 0.0079099536801895
logistics, acetylcholine_receptor_agonist, 0.0475762146167491
logistics, acetylcholine_receptor_antagonist, 0.06697393022370132
logistics, acetylcholinesterase_inhibitor, 0.026165318072611205
logistics, adenosine_receptor_agonist, 0.02046587864643929
logistics, adenosine_receptor_antagonist, 0.022084840014685657
logistics, adenylyl_cyclase_activator, 0.008157260595345002
logistics, adrenergic_receptor_agonist, 0.06450428269983075
logistics, adrenergic_receptor_antagonist, 0.0822374505153118
logistics, akt_inhibitor, 0.01188761620554525
logistics, aldehyde_dehydrogenase_inhibitor, 0.002334149533168168
logistics, alk_inhibitor, 0.014423837112970447
logistics, ampk_activator, 0.004301500513237131
logistics, analgesic, 0.0061968299493284215
logistics, androgen_receptor_agonist, 0.012920639356029032
logistics, androgen_receptor_antagonist, 0.023239855852672995
logistics, anesthetic_-_local, 0.024682175617431176
logistics, angiogenesis_inhibitor, 0.008109158509254628
logistics, angiotensin_receptor_antagonist, 0.01446326192379905
logistics, anti-inflammatory, 0.020402081791307078
logistics, antiarrhythmic, errored
logistics, antibiotic, 0.020797583052243874
logistics, anticonvulsant, 0.002461367306204725
logistics, antifungal, 0.008095229829441561
logistics, antihistamine, 0.004301500513237132
logistics, antimalarial, 0.006148211457386017
logistics, antioxidant, 0.017630828643371305
logistics, antiprotozoal, 0.012857512440587296
logistics, antiviral, 0.0062112342453161055
logistics, apoptosis_stimulant, 0.017491356445299207
logistics, aromatase_inhibitor, 0.014428195360488057
logistics, atm_kinase_inhibitor, 0.00033439224521595993
logistics, atp-sensitive_potassium_channel_antagonist, False
logistics, atp_synthase_inhibitor, 0.0006688963460101502
logistics, atpase_inhibitor, 0.023278725632992638
logistics, atr_kinase_inhibitor, 0.009720058734172211
logistics, aurora_kinase_inhibitor, 0.03264779753791801
logistics, autotaxin_inhibitor, 0.00033439224521596
logistics, bacterial_30s_ribosomal_subunit_inhibitor, 0.017483451718876768
logistics, bacterial_50s_ribosomal_subunit_inhibitor, 0.01912684145965499
logistics, bacterial_antifolate, 0.012857512440587296
logistics, bacterial_cell_wall_synthesis_inhibitor, 0.04526244439352117
logistics, bacterial_dna_gyrase_inhibitor, 0.03290970402917779
logistics, bacterial_dna_inhibitor, 0.0380754212654887
logistics, bacterial_membrane_integrity_inhibitor, errored
logistics, bcl_inhibitor, 0.007986023257299418
logistics, bcr-abl_inhibitor, 0.017599465162262212
logistics, benzodiazepine_receptor_agonist, 0.024794505222448793
logistics, beta_amyloid_inhibitor, 0.011353958040785254
logistics, bromodomain_inhibitor, 0.023286404885188513
logistics, btk_inhibitor, 0.012950783375715902
logistics, calcineurin_inhibitor, 0.0023239812649517655
logistics, calcium_channel_blocker, 0.07152581807787971
logistics, cannabinoid_receptor_agonist, 0.014423837112970449
logistics, cannabinoid_receptor_antagonist, 0.028267155577053355
logistics, carbonic_anhydrase_inhibitor, 0.01447770969894477
logistics, casein_kinase_inhibitor, 0.009677321013219406
logistics, caspase_activator, 0.009752333692439682
logistics, catechol_o_methyltransferase_inhibitor, 0.0006688963460101503
logistics, cc_chemokine_receptor_antagonist, 0.028698423501668974
logistics, cck_receptor_antagonist, 0.006148211457386015
logistics, cdk_inhibitor, 0.04211466585555316
logistics, chelating_agent, 0.014488404285707971
logistics, chk_inhibitor, 0.014596210271017283
logistics, chloride_channel_blocker, 0.019208525974469284
logistics, cholesterol_inhibitor, 0.011421222961871294
logistics, cholinergic_receptor_antagonist, 0.02356421924819271
logistics, coagulation_factor_inhibitor, 0.004424127080337066
logistics, corticosteroid_agonist, 0.016013302482779653
logistics, cyclooxygenase_inhibitor, 0.09995626867419713
logistics, cytochrome_p450_inhibitor, 0.03147637543226522
logistics, dihydrofolate_reductase_inhibitor, 0.014372261242955783
logistics, dipeptidyl_peptidase_inhibitor, 0.002991346475081746
logistics, diuretic, 0.00033439224521596
logistics, dna_alkylating_agent, 0.011421222961871296
logistics, dna_inhibitor, 0.09410270117577445
logistics, dopamine_receptor_agonist, 0.031502753098574886
logistics, dopamine_receptor_antagonist, 0.08053582943016584
logistics, egfr_inhibitor, 0.05170591441054329
logistics, elastase_inhibitor, 0.00033439224521596
logistics, erbb2_inhibitor, False
logistics, estrogen_receptor_agonist, 0.040212063436887185
logistics, estrogen_receptor_antagonist, 0.015931616279007067
logistics, faah_inhibitor, 0.005032053923825486
logistics, farnesyltransferase_inhibitor, 0.00789078797819629
logistics, fatty_acid_receptor_agonist, 0.009608673115062893
logistics, fgfr_inhibitor, 0.01593910506652707
logistics, flt3_inhibitor, 0.059164150210831094
logistics, focal_adhesion_kinase_inhibitor, 0.0043686012537730015
logistics, free_radical_scavenger, 0.0026871059393721733
logistics, fungal_squalene_epoxidase_inhibitor, 0.007905493758675199
logistics, gaba_receptor_agonist, 0.024829335422294815
logistics, gaba_receptor_antagonist, 0.03679330690616204
logistics, gamma_secretase_inhibitor, 0.025073089562382307
logistics, glucocorticoid_receptor_agonist, 0.023211587939067593
logistics, glutamate_inhibitor, 0.0043095967207894366
logistics, glutamate_receptor_agonist, 0.014882446760085346
logistics, glutamate_receptor_antagonist, 0.10056196420188022
logistics, gonadotropin_receptor_agonist, errored
logistics, gsk_inhibitor, 0.014049427602803527
logistics, hcv_inhibitor, 0.014832332342720852
logistics, hdac_inhibitor, 0.021565845953782616
logistics, histamine_receptor_agonist, 0.020440552005165605
logistics, histamine_receptor_antagonist, 0.06258924094881749
logistics, histone_lysine_demethylase_inhibitor, 0.00787063347680138
logistics, histone_lysine_methyltransferase_inhibitor, 0.014533886673932449
logistics, hiv_inhibitor, 0.020383151339946396
logistics, hmgcr_inhibitor, 0.05894063963542907
logistics, hsp_inhibitor, 0.015975030280918196
logistics, igf-1_inhibitor, 0.009690268430852682
logistics, ikk_inhibitor, 0.009608497914908103
logistics, imidazoline_receptor_agonist, 0.012909982842542344
logistics, immunosuppressant, 0.02455832905635536
logistics, insulin_secretagogue, 0.016349488839382146
logistics, insulin_sensitizer, 0.019009039954226935
logistics, integrin_inhibitor, 0.014423837112970447
logistics, jak_inhibitor, 0.02410387431527963
logistics, kit_inhibitor, 0.05833338266107473
logistics, laxative, errored
logistics, leukotriene_inhibitor, 0.002323981264951766
logistics, leukotriene_receptor_antagonist, 0.018954090788620016
logistics, lipase_inhibitor, 0.006196829949328421
logistics, lipoxygenase_inhibitor, 0.02341024342077602
logistics, lxr_agonist, 0.0023239812649517647
logistics, mdm_inhibitor, 0.011251389634966868
logistics, mek_inhibitor, 0.0182318344624474
logistics, membrane_integrity_inhibitor, 0.024614529116848242
logistics, mineralocorticoid_receptor_antagonist, 0.01486270067694701
logistics, monoacylglycerol_lipase_inhibitor, 0.004301500513237133
logistics, monoamine_oxidase_inhibitor, 0.027420164185334737
logistics, monopolar_spindle_1_kinase_inhibitor, 0.009750357212767354
logistics, mtor_inhibitor, 0.02778311594886239
logistics, mucolytic_agent, 0.022214990604150178
logistics, neuropeptide_receptor_antagonist, 0.008134170252844498
logistics, nfkb_inhibitor, 0.04510051428428808
logistics, nicotinic_receptor_agonist, 0.00033439224521595993
logistics, nitric_oxide_donor, 0.014777070357589841
logistics, nitric_oxide_production_inhibitor, 0.004301500513237132
logistics, nitric_oxide_synthase_inhibitor, 0.00960343263973758
logistics, norepinephrine_reuptake_inhibitor, 0.004369310091284921
logistics, nrf2_activator, 0.00963080821099598
logistics, opioid_receptor_agonist, 0.018952794421960677
logistics, opioid_receptor_antagonist, 0.03849988300019786
logistics, orexin_receptor_antagonist, 0.009690268430852682
logistics, p38_mapk_inhibitor, 0.020134594354948895
logistics, p-glycoprotein_inhibitor, 0.009617044047552861
logistics, parp_inhibitor, 0.0203736975187772
logistics, pdgfr_inhibitor, 0.0634474181814071
logistics, pdk_inhibitor, 0.006148211457386015
logistics, phosphodiesterase_inhibitor, 0.04980202444054551
logistics, phospholipase_inhibitor, 0.006251279705003537
logistics, pi3k_inhibitor, 0.04121085205076225
logistics, pkc_inhibitor, 0.009615228820969862
logistics, potassium_channel_activator, 0.017468066386501807
logistics, potassium_channel_antagonist, 0.0328290465610175
logistics, ppar_receptor_agonist, 0.02487911272861279
logistics, ppar_receptor_antagonist, 0.009608497914908103
logistics, progesterone_receptor_agonist, 0.03522960541073706
logistics, progesterone_receptor_antagonist, 0.0010039636039007392
logistics, prostaglandin_inhibitor, 0.008109158509254628
logistics, prostanoid_receptor_antagonist, 0.028879906297069546
logistics, proteasome_inhibitor, 0.006364825740480266
logistics, protein_kinase_inhibitor, 0.018999518462428762
logistics, protein_phosphatase_inhibitor, 0.002323981264951766
logistics, protein_synthesis_inhibitor, 0.036507113523703325
logistics, protein_tyrosine_kinase_inhibitor, 0.00791888515463493
logistics, radiopaque_medium, 0.0235253905026376
logistics, raf_inhibitor, 0.017209498719838286
logistics, ras_gtpase_inhibitor, 0.004301500513237133
logistics, retinoid_receptor_agonist, 0.02624254028581059
logistics, retinoid_receptor_antagonist, errored
logistics, rho_associated_kinase_inhibitor, 0.017795451877933265
logistics, ribonucleoside_reductase_inhibitor, 0.011263240585596334
logistics, rna_polymerase_inhibitor, 0.01132859433643052
logistics, serotonin_receptor_agonist, 0.060194021745982505
logistics, serotonin_receptor_antagonist, 0.0851883798646823
logistics, serotonin_reuptake_inhibitor, 0.011348219231231475
logistics, sigma_receptor_agonist, 0.01611834514288601
logistics, sigma_receptor_antagonist, 0.011256666836157342
logistics, smoothened_receptor_antagonist, 0.007916918589826438
logistics, sodium_channel_inhibitor, 0.05939706609065969
logistics, sphingosine_receptor_agonist, 0.011328594336430521
logistics, src_inhibitor, 0.02608283614402034
logistics, steroid, 0.00033439224521595993
logistics, syk_inhibitor, 0.009720058734172215
logistics, tachykinin_antagonist, 0.02494676374584697
logistics, tgf-beta_receptor_inhibitor, 0.011483178078036773
logistics, thrombin_inhibitor, 0.00791888515463493
logistics, thymidylate_synthase_inhibitor, 0.011263240585596336
logistics, tlr_agonist, 0.007982151322592192
logistics, tlr_antagonist, 0.0003901351589124264
logistics, tnf_inhibitor, 0.012857512440587294
logistics, topoisomerase_inhibitor, 0.03512959796668741
logistics, transient_receptor_potential_channel_antagonist, 0.007932131503872343
logistics, tropomyosin_receptor_kinase_inhibitor, 0.0023239812649517655
logistics, trpv_agonist, 0.009579685407414192
logistics, trpv_antagonist, 0.011421222961871293
logistics, tubulin_inhibitor, 0.032719911958049824
logistics, tyrosine_kinase_inhibitor, 0.02471931968956561
logistics, ubiquitin_specific_protease_inhibitor, errored
logistics, vegfr_inhibitor, 0.04658121856742958
logistics, vitamin_b, 0.018437293203750448
logistics, vitamin_d_receptor_agonist, 0.01108309617163522
logistics, wnt_inhibitor, 0.007982151322592194
